05-11 18:48:36 com_github_MitjaNemec_PlaceFootprints.action_place_footprints 378:Plugin executed on: 'darwin'
05-11 18:48:36 com_github_MitjaNemec_PlaceFootprints.action_place_footprints 379:Plugin executed with python version: '3.8.2 (v3.8.2:7b3ab5921f, Feb 24 2020, 17:52:18) \n[Clang 6.0 (clang-600.0.57)]'
05-11 18:48:36 com_github_MitjaNemec_PlaceFootprints.action_place_footprints 380:KiCad build version: (6.0.2-0)
05-11 18:48:36 com_github_MitjaNemec_PlaceFootprints.action_place_footprints 381:Plugin version: 1.2.3
05-11 18:48:36 com_github_MitjaNemec_PlaceFootprints.action_place_footprints 382:Frame repr: <wx._core.Frame object at 0x7f81609f0700>
05-11 18:48:36 com_github_MitjaNemec_PlaceFootprints.place_footprints 121:getting a list of all footprints on board
05-11 18:48:36 com_github_MitjaNemec_PlaceFootprints.place_footprints 148:Footprint Y1 on root level
05-11 18:48:36 com_github_MitjaNemec_PlaceFootprints.place_footprints 148:Footprint U5 on root level
05-11 18:48:36 com_github_MitjaNemec_PlaceFootprints.place_footprints 148:Footprint U4 on root level
05-11 18:48:36 com_github_MitjaNemec_PlaceFootprints.place_footprints 148:Footprint U3 on root level
05-11 18:48:36 com_github_MitjaNemec_PlaceFootprints.place_footprints 148:Footprint U2 on root level
05-11 18:48:36 com_github_MitjaNemec_PlaceFootprints.place_footprints 148:Footprint U1 on root level
05-11 18:48:36 com_github_MitjaNemec_PlaceFootprints.place_footprints 148:Footprint TP4 on root level
05-11 18:48:36 com_github_MitjaNemec_PlaceFootprints.place_footprints 148:Footprint TP3 on root level
05-11 18:48:36 com_github_MitjaNemec_PlaceFootprints.place_footprints 148:Footprint TP2 on root level
05-11 18:48:36 com_github_MitjaNemec_PlaceFootprints.place_footprints 148:Footprint TP1 on root level
05-11 18:48:36 com_github_MitjaNemec_PlaceFootprints.place_footprints 148:Footprint SW2 on root level
05-11 18:48:36 com_github_MitjaNemec_PlaceFootprints.place_footprints 148:Footprint SW1 on root level
05-11 18:48:36 com_github_MitjaNemec_PlaceFootprints.place_footprints 148:Footprint R24 on root level
05-11 18:48:36 com_github_MitjaNemec_PlaceFootprints.place_footprints 148:Footprint R23 on root level
05-11 18:48:36 com_github_MitjaNemec_PlaceFootprints.place_footprints 148:Footprint R22 on root level
05-11 18:48:36 com_github_MitjaNemec_PlaceFootprints.place_footprints 148:Footprint R21 on root level
05-11 18:48:36 com_github_MitjaNemec_PlaceFootprints.place_footprints 148:Footprint R20 on root level
05-11 18:48:36 com_github_MitjaNemec_PlaceFootprints.place_footprints 148:Footprint R19 on root level
05-11 18:48:36 com_github_MitjaNemec_PlaceFootprints.place_footprints 148:Footprint R18 on root level
05-11 18:48:36 com_github_MitjaNemec_PlaceFootprints.place_footprints 148:Footprint R17 on root level
05-11 18:48:36 com_github_MitjaNemec_PlaceFootprints.place_footprints 148:Footprint R16 on root level
05-11 18:48:36 com_github_MitjaNemec_PlaceFootprints.place_footprints 148:Footprint R15 on root level
05-11 18:48:36 com_github_MitjaNemec_PlaceFootprints.place_footprints 148:Footprint R14 on root level
05-11 18:48:36 com_github_MitjaNemec_PlaceFootprints.place_footprints 148:Footprint R13 on root level
05-11 18:48:36 com_github_MitjaNemec_PlaceFootprints.place_footprints 148:Footprint R12 on root level
05-11 18:48:36 com_github_MitjaNemec_PlaceFootprints.place_footprints 148:Footprint R11 on root level
05-11 18:48:36 com_github_MitjaNemec_PlaceFootprints.place_footprints 148:Footprint R10 on root level
05-11 18:48:36 com_github_MitjaNemec_PlaceFootprints.place_footprints 148:Footprint R9 on root level
05-11 18:48:36 com_github_MitjaNemec_PlaceFootprints.place_footprints 148:Footprint R8 on root level
05-11 18:48:36 com_github_MitjaNemec_PlaceFootprints.place_footprints 148:Footprint R7 on root level
05-11 18:48:36 com_github_MitjaNemec_PlaceFootprints.place_footprints 148:Footprint R6 on root level
05-11 18:48:36 com_github_MitjaNemec_PlaceFootprints.place_footprints 148:Footprint R5 on root level
05-11 18:48:36 com_github_MitjaNemec_PlaceFootprints.place_footprints 148:Footprint R4 on root level
05-11 18:48:36 com_github_MitjaNemec_PlaceFootprints.place_footprints 148:Footprint R3 on root level
05-11 18:48:36 com_github_MitjaNemec_PlaceFootprints.place_footprints 148:Footprint R2 on root level
05-11 18:48:36 com_github_MitjaNemec_PlaceFootprints.place_footprints 148:Footprint R1 on root level
05-11 18:48:36 com_github_MitjaNemec_PlaceFootprints.place_footprints 148:Footprint L4 on root level
05-11 18:48:36 com_github_MitjaNemec_PlaceFootprints.place_footprints 148:Footprint L3 on root level
05-11 18:48:36 com_github_MitjaNemec_PlaceFootprints.place_footprints 148:Footprint L2 on root level
05-11 18:48:36 com_github_MitjaNemec_PlaceFootprints.place_footprints 148:Footprint L1 on root level
05-11 18:48:36 com_github_MitjaNemec_PlaceFootprints.place_footprints 148:Footprint J5 on root level
05-11 18:48:36 com_github_MitjaNemec_PlaceFootprints.place_footprints 148:Footprint J2 on root level
05-11 18:48:36 com_github_MitjaNemec_PlaceFootprints.place_footprints 148:Footprint J3 on root level
05-11 18:48:36 com_github_MitjaNemec_PlaceFootprints.place_footprints 148:Footprint J1 on root level
05-11 18:48:36 com_github_MitjaNemec_PlaceFootprints.place_footprints 148:Footprint D1 on root level
05-11 18:48:36 com_github_MitjaNemec_PlaceFootprints.place_footprints 148:Footprint C28 on root level
05-11 18:48:36 com_github_MitjaNemec_PlaceFootprints.place_footprints 148:Footprint C27 on root level
05-11 18:48:36 com_github_MitjaNemec_PlaceFootprints.place_footprints 148:Footprint C26 on root level
05-11 18:48:36 com_github_MitjaNemec_PlaceFootprints.place_footprints 148:Footprint C25 on root level
05-11 18:48:36 com_github_MitjaNemec_PlaceFootprints.place_footprints 148:Footprint C24 on root level
05-11 18:48:36 com_github_MitjaNemec_PlaceFootprints.place_footprints 148:Footprint C23 on root level
05-11 18:48:36 com_github_MitjaNemec_PlaceFootprints.place_footprints 148:Footprint C22 on root level
05-11 18:48:36 com_github_MitjaNemec_PlaceFootprints.place_footprints 148:Footprint C21 on root level
05-11 18:48:36 com_github_MitjaNemec_PlaceFootprints.place_footprints 148:Footprint C20 on root level
05-11 18:48:36 com_github_MitjaNemec_PlaceFootprints.place_footprints 148:Footprint C19 on root level
05-11 18:48:36 com_github_MitjaNemec_PlaceFootprints.place_footprints 148:Footprint C18 on root level
05-11 18:48:36 com_github_MitjaNemec_PlaceFootprints.place_footprints 148:Footprint C17 on root level
05-11 18:48:36 com_github_MitjaNemec_PlaceFootprints.place_footprints 148:Footprint C16 on root level
05-11 18:48:36 com_github_MitjaNemec_PlaceFootprints.place_footprints 148:Footprint C15 on root level
05-11 18:48:36 com_github_MitjaNemec_PlaceFootprints.place_footprints 148:Footprint C14 on root level
05-11 18:48:36 com_github_MitjaNemec_PlaceFootprints.place_footprints 148:Footprint C13 on root level
05-11 18:48:36 com_github_MitjaNemec_PlaceFootprints.place_footprints 148:Footprint C12 on root level
05-11 18:48:36 com_github_MitjaNemec_PlaceFootprints.place_footprints 148:Footprint C11 on root level
05-11 18:48:36 com_github_MitjaNemec_PlaceFootprints.place_footprints 148:Footprint C10 on root level
05-11 18:48:36 com_github_MitjaNemec_PlaceFootprints.place_footprints 148:Footprint C9 on root level
05-11 18:48:36 com_github_MitjaNemec_PlaceFootprints.place_footprints 148:Footprint C8 on root level
05-11 18:48:36 com_github_MitjaNemec_PlaceFootprints.place_footprints 148:Footprint C7 on root level
05-11 18:48:36 com_github_MitjaNemec_PlaceFootprints.place_footprints 148:Footprint C6 on root level
05-11 18:48:36 com_github_MitjaNemec_PlaceFootprints.place_footprints 148:Footprint C5 on root level
05-11 18:48:36 com_github_MitjaNemec_PlaceFootprints.place_footprints 148:Footprint C4 on root level
05-11 18:48:36 com_github_MitjaNemec_PlaceFootprints.place_footprints 148:Footprint C3 on root level
05-11 18:48:36 com_github_MitjaNemec_PlaceFootprints.place_footprints 148:Footprint C2 on root level
05-11 18:48:36 com_github_MitjaNemec_PlaceFootprints.place_footprints 148:Footprint C1 on root level
05-11 18:48:36 com_github_MitjaNemec_PlaceFootprints.place_footprints 148:Footprint AE1 on root level
05-11 18:48:36 com_github_MitjaNemec_PlaceFootprints.place_footprints 148:Footprint J4 on root level
05-11 18:48:37 com_github_MitjaNemec_PlaceFootprints.action_place_footprints 570:Reference designator is: C
05-11 18:48:37 com_github_MitjaNemec_PlaceFootprints.action_place_footprints 571:Reference number is: 30
05-11 18:48:37 com_github_MitjaNemec_PlaceFootprints.action_place_footprints 603:Sorted and filtered list:
['C1', 'C2', 'C3', 'C4', 'C5', 'C6', 'C7', 'C8', 'C9', 'C10', 'C11', 'C12', 'C13', 'C14', 'C15', 'C16', 'C17', 'C18', 'C19', 'C20', 'C21', 'C22', 'C23', 'C24', 'C25', 'C26', 'C27', 'C28', 'C29', 'C30', 'C31', 'C32', 'C33', 'C34', 'C35', 'C36', 'C37', 'C38']
05-11 18:48:53 com_github_MitjaNemec_PlaceFootprints.action_place_footprints 641:Footprints to place:
['C30', 'C31', 'C32', 'C33', 'C34', 'C35', 'C36', 'C37', 'C38']
05-11 18:48:53 com_github_MitjaNemec_PlaceFootprints.place_footprints 262:Starting placing with circular layout
05-11 18:48:53 com_github_MitjaNemec_PlaceFootprints.place_footprints 272:reference footprint position at: wxPoint(52239691, 81691112)
05-11 18:48:53 com_github_MitjaNemec_PlaceFootprints.place_footprints 277:rotation center at: (52239691, 105191112.0)
05-11 18:48:53 com_github_MitjaNemec_PlaceFootprints.place_footprints 379:Text of: C30 has property "Keep upright" rotation might not look as intended
05-11 18:48:53 com_github_MitjaNemec_PlaceFootprints.place_footprints 379:Text of: C30 has property "Keep upright" rotation might not look as intended
05-11 18:48:53 com_github_MitjaNemec_PlaceFootprints.place_footprints 379:Text of: C30 has property "Keep upright" rotation might not look as intended
05-11 18:48:53 com_github_MitjaNemec_PlaceFootprints.place_footprints 379:Text of: C30 has property "Keep upright" rotation might not look as intended
05-11 18:48:53 com_github_MitjaNemec_PlaceFootprints.place_footprints 379:Text of: C30 has property "Keep upright" rotation might not look as intended
05-11 18:48:53 com_github_MitjaNemec_PlaceFootprints.place_footprints 379:Text of: C30 has property "Keep upright" rotation might not look as intended
05-11 18:48:53 com_github_MitjaNemec_PlaceFootprints.place_footprints 379:Text of: C30 has property "Keep upright" rotation might not look as intended
05-11 18:48:53 com_github_MitjaNemec_PlaceFootprints.place_footprints 379:Text of: C30 has property "Keep upright" rotation might not look as intended
05-11 18:48:53 com_github_MitjaNemec_PlaceFootprints.place_footprints 379:Text of: C30 has property "Keep upright" rotation might not look as intended
05-11 18:48:53 com_github_MitjaNemec_PlaceFootprints.place_footprints 379:Text of: C30 has property "Keep upright" rotation might not look as intended
05-11 18:48:53 com_github_MitjaNemec_PlaceFootprints.place_footprints 379:Text of: C30 has property "Keep upright" rotation might not look as intended
05-11 18:48:53 com_github_MitjaNemec_PlaceFootprints.place_footprints 379:Text of: C30 has property "Keep upright" rotation might not look as intended
05-11 18:48:53 com_github_MitjaNemec_PlaceFootprints.place_footprints 379:Text of: C30 has property "Keep upright" rotation might not look as intended
05-11 18:48:53 com_github_MitjaNemec_PlaceFootprints.place_footprints 379:Text of: C30 has property "Keep upright" rotation might not look as intended
05-11 18:48:53 com_github_MitjaNemec_PlaceFootprints.place_footprints 379:Text of: C30 has property "Keep upright" rotation might not look as intended
05-11 18:48:53 com_github_MitjaNemec_PlaceFootprints.place_footprints 379:Text of: C30 has property "Keep upright" rotation might not look as intended
05-11 18:48:53 com_github_MitjaNemec_PlaceFootprints.place_footprints 379:Text of: C30 has property "Keep upright" rotation might not look as intended
05-11 18:48:53 com_github_MitjaNemec_PlaceFootprints.place_footprints 379:Text of: C30 has property "Keep upright" rotation might not look as intended
05-11 18:48:53 com_github_MitjaNemec_PlaceFootprints.place_footprints 379:Text of: C30 has property "Keep upright" rotation might not look as intended
05-11 18:48:53 com_github_MitjaNemec_PlaceFootprints.place_footprints 379:Text of: C30 has property "Keep upright" rotation might not look as intended
05-11 18:48:53 com_github_MitjaNemec_PlaceFootprints.place_footprints 379:Text of: C30 has property "Keep upright" rotation might not look as intended
05-11 18:48:53 com_github_MitjaNemec_PlaceFootprints.place_footprints 379:Text of: C30 has property "Keep upright" rotation might not look as intended
05-11 18:48:53 com_github_MitjaNemec_PlaceFootprints.place_footprints 379:Text of: C30 has property "Keep upright" rotation might not look as intended
05-11 18:48:53 com_github_MitjaNemec_PlaceFootprints.place_footprints 379:Text of: C30 has property "Keep upright" rotation might not look as intended
05-11 18:48:53 com_github_MitjaNemec_PlaceFootprints.action_place_footprints 654:Placing complete
