04-29 06:43:00 com_github_MitjaNemec_PlaceFootprints.action_place_footprints 378:Plugin executed on: 'linux'
04-29 06:43:00 com_github_MitjaNemec_PlaceFootprints.action_place_footprints 379:Plugin executed with python version: '3.10.2 (main, Jan 15 2022, 19:56:27) [GCC 11.1.0]'
04-29 06:43:00 com_github_MitjaNemec_PlaceFootprints.action_place_footprints 380:KiCad build version: (6.0.2)
04-29 06:43:00 com_github_MitjaNemec_PlaceFootprints.action_place_footprints 381:Plugin version: 1.2.3
04-29 06:43:00 com_github_MitjaNemec_PlaceFootprints.action_place_footprints 382:Frame repr: <wx._core.Frame object at 0x7f39a8b97d90>
04-29 06:43:00 com_github_MitjaNemec_PlaceFootprints.place_footprints 121:getting a list of all footprints on board
04-29 06:43:00 com_github_MitjaNemec_PlaceFootprints.place_footprints 148:Footprint D11 on root level
04-29 06:43:00 com_github_MitjaNemec_PlaceFootprints.place_footprints 148:Footprint D10 on root level
04-29 06:43:00 com_github_MitjaNemec_PlaceFootprints.place_footprints 148:Footprint D9 on root level
04-29 06:43:00 com_github_MitjaNemec_PlaceFootprints.place_footprints 148:Footprint D8 on root level
04-29 06:43:00 com_github_MitjaNemec_PlaceFootprints.place_footprints 148:Footprint D7 on root level
04-29 06:43:00 com_github_MitjaNemec_PlaceFootprints.place_footprints 148:Footprint D6 on root level
04-29 06:43:00 com_github_MitjaNemec_PlaceFootprints.place_footprints 148:Footprint D5 on root level
04-29 06:43:00 com_github_MitjaNemec_PlaceFootprints.place_footprints 148:Footprint D4 on root level
04-29 06:43:00 com_github_MitjaNemec_PlaceFootprints.place_footprints 148:Footprint D3 on root level
04-29 06:43:00 com_github_MitjaNemec_PlaceFootprints.place_footprints 148:Footprint D2 on root level
04-29 06:43:00 com_github_MitjaNemec_PlaceFootprints.place_footprints 148:Footprint D1 on root level
04-29 06:43:00 com_github_MitjaNemec_PlaceFootprints.place_footprints 133:Footprint REF** does not have Sheetfile property, it will not be considered for placement. Most likely it is only in layout
04-29 06:43:00 com_github_MitjaNemec_PlaceFootprints.place_footprints 148:Footprint L2 on root level
04-29 06:43:00 com_github_MitjaNemec_PlaceFootprints.place_footprints 148:Footprint R17 on root level
04-29 06:43:00 com_github_MitjaNemec_PlaceFootprints.place_footprints 148:Footprint R15 on root level
04-29 06:43:00 com_github_MitjaNemec_PlaceFootprints.place_footprints 148:Footprint R2 on root level
04-29 06:43:00 com_github_MitjaNemec_PlaceFootprints.place_footprints 148:Footprint C11 on root level
04-29 06:43:00 com_github_MitjaNemec_PlaceFootprints.place_footprints 148:Footprint C1 on root level
04-29 06:43:00 com_github_MitjaNemec_PlaceFootprints.place_footprints 148:Footprint R19 on root level
04-29 06:43:00 com_github_MitjaNemec_PlaceFootprints.place_footprints 148:Footprint C8 on root level
04-29 06:43:00 com_github_MitjaNemec_PlaceFootprints.place_footprints 148:Footprint J3 on root level
04-29 06:43:00 com_github_MitjaNemec_PlaceFootprints.place_footprints 148:Footprint R6 on root level
04-29 06:43:00 com_github_MitjaNemec_PlaceFootprints.place_footprints 148:Footprint C12 on root level
04-29 06:43:00 com_github_MitjaNemec_PlaceFootprints.place_footprints 148:Footprint L1 on root level
04-29 06:43:00 com_github_MitjaNemec_PlaceFootprints.place_footprints 148:Footprint C3 on root level
04-29 06:43:00 com_github_MitjaNemec_PlaceFootprints.place_footprints 148:Footprint R4 on root level
04-29 06:43:00 com_github_MitjaNemec_PlaceFootprints.place_footprints 148:Footprint C19 on root level
04-29 06:43:00 com_github_MitjaNemec_PlaceFootprints.place_footprints 148:Footprint R9 on root level
04-29 06:43:00 com_github_MitjaNemec_PlaceFootprints.place_footprints 148:Footprint Y1 on root level
04-29 06:43:00 com_github_MitjaNemec_PlaceFootprints.place_footprints 148:Footprint C6 on root level
04-29 06:43:00 com_github_MitjaNemec_PlaceFootprints.place_footprints 148:Footprint R12 on root level
04-29 06:43:00 com_github_MitjaNemec_PlaceFootprints.place_footprints 148:Footprint R5 on root level
04-29 06:43:00 com_github_MitjaNemec_PlaceFootprints.place_footprints 148:Footprint C4 on root level
04-29 06:43:00 com_github_MitjaNemec_PlaceFootprints.place_footprints 148:Footprint R10 on root level
04-29 06:43:00 com_github_MitjaNemec_PlaceFootprints.place_footprints 148:Footprint U2 on root level
04-29 06:43:00 com_github_MitjaNemec_PlaceFootprints.place_footprints 148:Footprint C16 on root level
04-29 06:43:00 com_github_MitjaNemec_PlaceFootprints.place_footprints 148:Footprint R16 on root level
04-29 06:43:00 com_github_MitjaNemec_PlaceFootprints.place_footprints 148:Footprint C13 on root level
04-29 06:43:00 com_github_MitjaNemec_PlaceFootprints.place_footprints 148:Footprint R14 on root level
04-29 06:43:00 com_github_MitjaNemec_PlaceFootprints.place_footprints 148:Footprint U1 on root level
04-29 06:43:00 com_github_MitjaNemec_PlaceFootprints.place_footprints 148:Footprint R3 on root level
04-29 06:43:00 com_github_MitjaNemec_PlaceFootprints.place_footprints 148:Footprint C10 on root level
04-29 06:43:00 com_github_MitjaNemec_PlaceFootprints.place_footprints 148:Footprint U3 on root level
04-29 06:43:00 com_github_MitjaNemec_PlaceFootprints.place_footprints 148:Footprint SW1 on root level
04-29 06:43:00 com_github_MitjaNemec_PlaceFootprints.place_footprints 148:Footprint C17 on root level
04-29 06:43:00 com_github_MitjaNemec_PlaceFootprints.place_footprints 148:Footprint AE1 on root level
04-29 06:43:00 com_github_MitjaNemec_PlaceFootprints.place_footprints 148:Footprint C20 on root level
04-29 06:43:00 com_github_MitjaNemec_PlaceFootprints.place_footprints 148:Footprint C5 on root level
04-29 06:43:00 com_github_MitjaNemec_PlaceFootprints.place_footprints 148:Footprint C15 on root level
04-29 06:43:00 com_github_MitjaNemec_PlaceFootprints.place_footprints 148:Footprint C18 on root level
04-29 06:43:00 com_github_MitjaNemec_PlaceFootprints.place_footprints 148:Footprint L3 on root level
04-29 06:43:00 com_github_MitjaNemec_PlaceFootprints.place_footprints 148:Footprint J4 on root level
04-29 06:43:00 com_github_MitjaNemec_PlaceFootprints.place_footprints 148:Footprint C2 on root level
04-29 06:43:00 com_github_MitjaNemec_PlaceFootprints.place_footprints 148:Footprint R18 on root level
04-29 06:43:00 com_github_MitjaNemec_PlaceFootprints.place_footprints 148:Footprint C9 on root level
04-29 06:43:00 com_github_MitjaNemec_PlaceFootprints.place_footprints 148:Footprint R13 on root level
04-29 06:43:00 com_github_MitjaNemec_PlaceFootprints.place_footprints 148:Footprint SW2 on root level
04-29 06:43:00 com_github_MitjaNemec_PlaceFootprints.place_footprints 148:Footprint R1 on root level
04-29 06:43:00 com_github_MitjaNemec_PlaceFootprints.place_footprints 148:Footprint R8 on root level
04-29 06:43:00 com_github_MitjaNemec_PlaceFootprints.place_footprints 148:Footprint C14 on root level
04-29 06:43:00 com_github_MitjaNemec_PlaceFootprints.place_footprints 148:Footprint R11 on root level
04-29 06:43:00 com_github_MitjaNemec_PlaceFootprints.place_footprints 148:Footprint C21 on root level
04-29 06:43:00 com_github_MitjaNemec_PlaceFootprints.place_footprints 148:Footprint R7 on root level
04-29 06:43:00 com_github_MitjaNemec_PlaceFootprints.place_footprints 148:Footprint R20 on root level
04-29 06:43:00 com_github_MitjaNemec_PlaceFootprints.place_footprints 148:Footprint C7 on root level
04-29 06:43:00 com_github_MitjaNemec_PlaceFootprints.place_footprints 148:Footprint Y2 on root level
04-29 06:43:00 com_github_MitjaNemec_PlaceFootprints.place_footprints 148:Footprint J5 on root level
04-29 06:43:00 com_github_MitjaNemec_PlaceFootprints.place_footprints 148:Footprint J2 on root level
04-29 06:43:00 com_github_MitjaNemec_PlaceFootprints.place_footprints 148:Footprint J1 on root level
04-29 06:43:01 com_github_MitjaNemec_PlaceFootprints.action_place_footprints 570:Reference designator is: D
04-29 06:43:01 com_github_MitjaNemec_PlaceFootprints.action_place_footprints 571:Reference number is: 1
04-29 06:43:01 com_github_MitjaNemec_PlaceFootprints.action_place_footprints 603:Sorted and filtered list:
['D1', 'D2', 'D3', 'D4', 'D5', 'D6', 'D7', 'D8', 'D9', 'D10', 'D11']
04-29 06:43:08 com_github_MitjaNemec_PlaceFootprints.action_place_footprints 641:Footprints to place:
['D1', 'D2', 'D3', 'D4', 'D5', 'D6', 'D7', 'D8', 'D9', 'D10', 'D11']
04-29 06:43:08 com_github_MitjaNemec_PlaceFootprints.place_footprints 262:Starting placing with circular layout
04-29 06:43:08 com_github_MitjaNemec_PlaceFootprints.place_footprints 272:reference footprint position at: wxPoint(67655403, 41440888)
04-29 06:43:08 com_github_MitjaNemec_PlaceFootprints.place_footprints 277:rotation center at: (67655403, 63440888.0)
04-29 06:43:08 com_github_MitjaNemec_PlaceFootprints.place_footprints 379:Text of: D1 has property "Keep upright" rotation might not look as intended
04-29 06:43:08 com_github_MitjaNemec_PlaceFootprints.place_footprints 379:Text of: D1 has property "Keep upright" rotation might not look as intended
04-29 06:43:08 com_github_MitjaNemec_PlaceFootprints.place_footprints 379:Text of: D1 has property "Keep upright" rotation might not look as intended
04-29 06:43:08 com_github_MitjaNemec_PlaceFootprints.place_footprints 379:Text of: D1 has property "Keep upright" rotation might not look as intended
04-29 06:43:08 com_github_MitjaNemec_PlaceFootprints.place_footprints 379:Text of: D1 has property "Keep upright" rotation might not look as intended
04-29 06:43:08 com_github_MitjaNemec_PlaceFootprints.place_footprints 379:Text of: D1 has property "Keep upright" rotation might not look as intended
04-29 06:43:08 com_github_MitjaNemec_PlaceFootprints.place_footprints 379:Text of: D1 has property "Keep upright" rotation might not look as intended
04-29 06:43:08 com_github_MitjaNemec_PlaceFootprints.place_footprints 379:Text of: D1 has property "Keep upright" rotation might not look as intended
04-29 06:43:08 com_github_MitjaNemec_PlaceFootprints.place_footprints 379:Text of: D1 has property "Keep upright" rotation might not look as intended
04-29 06:43:08 com_github_MitjaNemec_PlaceFootprints.place_footprints 379:Text of: D1 has property "Keep upright" rotation might not look as intended
04-29 06:43:08 com_github_MitjaNemec_PlaceFootprints.place_footprints 379:Text of: D1 has property "Keep upright" rotation might not look as intended
04-29 06:43:08 com_github_MitjaNemec_PlaceFootprints.place_footprints 379:Text of: D1 has property "Keep upright" rotation might not look as intended
04-29 06:43:08 com_github_MitjaNemec_PlaceFootprints.place_footprints 379:Text of: D1 has property "Keep upright" rotation might not look as intended
04-29 06:43:08 com_github_MitjaNemec_PlaceFootprints.place_footprints 379:Text of: D1 has property "Keep upright" rotation might not look as intended
04-29 06:43:08 com_github_MitjaNemec_PlaceFootprints.place_footprints 379:Text of: D1 has property "Keep upright" rotation might not look as intended
04-29 06:43:08 com_github_MitjaNemec_PlaceFootprints.place_footprints 379:Text of: D1 has property "Keep upright" rotation might not look as intended
04-29 06:43:08 com_github_MitjaNemec_PlaceFootprints.place_footprints 379:Text of: D1 has property "Keep upright" rotation might not look as intended
04-29 06:43:08 com_github_MitjaNemec_PlaceFootprints.place_footprints 379:Text of: D1 has property "Keep upright" rotation might not look as intended
04-29 06:43:08 com_github_MitjaNemec_PlaceFootprints.place_footprints 379:Text of: D1 has property "Keep upright" rotation might not look as intended
04-29 06:43:08 com_github_MitjaNemec_PlaceFootprints.place_footprints 379:Text of: D1 has property "Keep upright" rotation might not look as intended
04-29 06:43:08 com_github_MitjaNemec_PlaceFootprints.place_footprints 379:Text of: D1 has property "Keep upright" rotation might not look as intended
04-29 06:43:08 com_github_MitjaNemec_PlaceFootprints.place_footprints 379:Text of: D1 has property "Keep upright" rotation might not look as intended
04-29 06:43:08 com_github_MitjaNemec_PlaceFootprints.place_footprints 379:Text of: D1 has property "Keep upright" rotation might not look as intended
04-29 06:43:08 com_github_MitjaNemec_PlaceFootprints.place_footprints 379:Text of: D1 has property "Keep upright" rotation might not look as intended
04-29 06:43:08 com_github_MitjaNemec_PlaceFootprints.place_footprints 379:Text of: D1 has property "Keep upright" rotation might not look as intended
04-29 06:43:08 com_github_MitjaNemec_PlaceFootprints.place_footprints 379:Text of: D1 has property "Keep upright" rotation might not look as intended
04-29 06:43:08 com_github_MitjaNemec_PlaceFootprints.place_footprints 379:Text of: D1 has property "Keep upright" rotation might not look as intended
04-29 06:43:08 com_github_MitjaNemec_PlaceFootprints.place_footprints 379:Text of: D1 has property "Keep upright" rotation might not look as intended
04-29 06:43:08 com_github_MitjaNemec_PlaceFootprints.place_footprints 379:Text of: D1 has property "Keep upright" rotation might not look as intended
04-29 06:43:08 com_github_MitjaNemec_PlaceFootprints.place_footprints 379:Text of: D1 has property "Keep upright" rotation might not look as intended
04-29 06:43:08 com_github_MitjaNemec_PlaceFootprints.place_footprints 379:Text of: D1 has property "Keep upright" rotation might not look as intended
04-29 06:43:08 com_github_MitjaNemec_PlaceFootprints.place_footprints 379:Text of: D1 has property "Keep upright" rotation might not look as intended
04-29 06:43:08 com_github_MitjaNemec_PlaceFootprints.place_footprints 379:Text of: D1 has property "Keep upright" rotation might not look as intended
04-29 06:43:08 com_github_MitjaNemec_PlaceFootprints.place_footprints 379:Text of: D1 has property "Keep upright" rotation might not look as intended
04-29 06:43:08 com_github_MitjaNemec_PlaceFootprints.place_footprints 379:Text of: D1 has property "Keep upright" rotation might not look as intended
04-29 06:43:08 com_github_MitjaNemec_PlaceFootprints.place_footprints 379:Text of: D1 has property "Keep upright" rotation might not look as intended
04-29 06:43:08 com_github_MitjaNemec_PlaceFootprints.place_footprints 379:Text of: D1 has property "Keep upright" rotation might not look as intended
04-29 06:43:08 com_github_MitjaNemec_PlaceFootprints.place_footprints 379:Text of: D1 has property "Keep upright" rotation might not look as intended
04-29 06:43:08 com_github_MitjaNemec_PlaceFootprints.place_footprints 379:Text of: D1 has property "Keep upright" rotation might not look as intended
04-29 06:43:08 com_github_MitjaNemec_PlaceFootprints.place_footprints 379:Text of: D1 has property "Keep upright" rotation might not look as intended
04-29 06:43:08 com_github_MitjaNemec_PlaceFootprints.action_place_footprints 654:Placing complete
